[22:22:53] [main/INFO]: Environment: authHost='https://authserver.mojang.com', accountsHost='https://api.mojang.com', sessionHost='https://sessionserver.mojang.com', servicesHost='https://api.minecraftservices.com', name='PROD'
[22:22:54] [main/WARN]: Ambiguity between arguments [teleport, location] and [teleport, destination] with inputs: [0.1 -0.5 .9, 0 0 0]
[22:22:54] [main/WARN]: Ambiguity between arguments [teleport, location] and [teleport, targets] with inputs: [0.1 -0.5 .9, 0 0 0]
[22:22:54] [main/WARN]: Ambiguity between arguments [teleport, destination] and [teleport, targets] with inputs: [Player, 0123, @e, dd12be42-52a9-4a91-a8a1-11c01849e498]
[22:22:54] [main/WARN]: Ambiguity between arguments [teleport, targets] and [teleport, destination] with inputs: [Player, 0123, dd12be42-52a9-4a91-a8a1-11c01849e498]
[22:22:54] [main/WARN]: Ambiguity between arguments [teleport, targets, location] and [teleport, targets, destination] with inputs: [0.1 -0.5 .9, 0 0 0]
[22:22:54] [main/INFO]: Reloading ResourceManager: Default
[22:22:56] [Worker-Main-2/INFO]: Loaded 7 recipes
[22:22:57] [Worker-Main-2/INFO]: Loaded 1127 advancements
[22:23:00] [Server thread/INFO]: Starting minecraft server version 21w17a
[22:23:00] [Server thread/INFO]: Loading properties
[22:23:00] [Server thread/INFO]: Default game type: SURVIVAL
[22:23:00] [Server thread/INFO]: Generating keypair
[22:23:01] [Server thread/INFO]: Starting Minecraft server on *:15000
[22:23:01] [Server thread/INFO]: Using epoll channel type
[22:23:01] [Server thread/INFO]: Preparing level "world"
[22:23:02] [Server thread/INFO]: Preparing start region for dimension minecraft:overworld
[22:23:08] [Server thread/INFO]: Preparing spawn area: 0%
[22:23:08] [Server thread/INFO]: Preparing spawn area: 0%
[22:23:08] [Server thread/INFO]: Preparing spawn area: 0%
[22:23:08] [Server thread/INFO]: Preparing spawn area: 0%
[22:23:08] [Server thread/INFO]: Preparing spawn area: 0%
[22:23:08] [Server thread/INFO]: Preparing spawn area: 0%
[22:23:08] [Server thread/INFO]: Preparing spawn area: 0%
[22:23:08] [Server thread/INFO]: Preparing spawn area: 0%
[22:23:08] [Server thread/INFO]: Preparing spawn area: 0%
[22:23:08] [Server thread/INFO]: Preparing spawn area: 0%
[22:23:08] [Server thread/INFO]: Preparing spawn area: 0%
[22:23:08] [Server thread/INFO]: Preparing spawn area: 0%
[22:23:08] [Server thread/INFO]: Preparing spawn area: 0%
[22:23:08] [Server thread/INFO]: Preparing spawn area: 0%
[22:23:09] [Server thread/INFO]: Preparing spawn area: 8%
[22:23:09] [Server thread/INFO]: Preparing spawn area: 87%
[22:23:10] [Server thread/INFO]: Time elapsed: 8036 ms
[22:23:10] [Server thread/INFO]: Done (8.365s)! For help, type "help"
[22:25:02] [User Authenticator #1/INFO]: UUID of player TheStreetBRO is 76649b7c-9721-4a32-808e-1c421e4080d0
[22:25:02] [Server thread/INFO]: TheStreetBRO[/192.168.1.35:60706] logged in with entity id 62 at (33.5, 64.0, 27.5)
[22:25:02] [Server thread/INFO]: TheStreetBRO joined the game
[22:25:02] [User Authenticator #2/INFO]: UUID of player PetitPhalus is 7b3a4a4e-1c8f-4e5a-ac88-c80e7a9d8a87
[22:25:03] [Server thread/INFO]: PetitPhalus[/88.164.239.146:12644] logged in with entity id 63 at (164.10239863677296, 62.07326475306424, 45.64545064800132)
[22:25:03] [Server thread/INFO]: PetitPhalus joined the game
[22:25:04] [Server thread/WARN]: Can't keep up! Is the server overloaded? Running 2600ms or 52 ticks behind
[22:25:26] [Server thread/WARN]: Can't keep up! Is the server overloaded? Running 6676ms or 133 ticks behind
[22:25:34] [Server thread/WARN]: Mismatch in destroy block pos: gb{x=0, y=0, z=0} gb{x=33, y=64, z=26}
[22:25:47] [Server thread/WARN]: Can't keep up! Is the server overloaded? Running 2041ms or 40 ticks behind
[22:27:54] [Server thread/INFO]: [PetitPhalus: Teleported TheStreetBRO to PetitPhalus]
[22:29:32] [Server thread/INFO]: TheStreetBRO was slain by PetitPhalus
[22:29:38] [Server thread/WARN]: Mismatch in destroy block pos: gb{x=0, y=0, z=0} gb{x=34, y=66, z=27}
[22:29:47] [Server thread/INFO]: [PetitPhalus: Teleported TheStreetBRO to PetitPhalus]
[22:29:47] [Server thread/WARN]: TheStreetBRO moved too quickly! 189.0134419348732,3.0,213.7356188794756
[22:30:14] [Server thread/INFO]: TheStreetBRO has made the advancement [Stone Age]
[22:31:08] [User Authenticator #3/INFO]: UUID of player Antopoid is 6899c77f-9b47-45b5-8b7e-fedbd9a8bcf8
[22:31:09] [Server thread/INFO]: Antopoid[/192.168.1.16:55513] logged in with entity id 2450 at (271.83795344471355, 70.0, 250.30643555700917)
[22:31:09] [Server thread/INFO]: Antopoid joined the game
[22:31:30] [Server thread/INFO]: [PetitPhalus: Teleported TheStreetBRO to PetitPhalus]
[22:31:30] [Server thread/WARN]: TheStreetBRO moved too quickly! 59.00668613346002,2.0,-10.897645570684773
[22:31:35] [Server thread/INFO]: TheStreetBRO was slain by Wolf
[22:31:43] [Server thread/INFO]: [PetitPhalus: Teleported TheStreetBRO to PetitPhalus]
[22:31:43] [Server thread/WARN]: TheStreetBRO moved too quickly! 244.4550558529375,-1.0,207.70265549688713
[22:33:16] [Server thread/INFO]: TheStreetBRO has made the advancement [Acquire Hardware]
[22:33:38] [Server thread/INFO]: Antopoid was slain by Spider
[22:34:09] [Server thread/INFO]: TheStreetBRO has made the advancement [Isn't It Iron Pick]
[22:34:58] [Server thread/INFO]: TheStreetBRO has made the advancement [Suit Up]
[22:39:34] [Server thread/INFO]: PetitPhalus lost connection: Disconnected
[22:39:34] [Server thread/INFO]: PetitPhalus left the game
[22:46:20] [Server thread/INFO]: TheStreetBRO has made the advancement [Monster Hunter]
[22:46:32] [Server thread/INFO]: Antopoid tried to swim in lava to escape Skeleton
[22:47:02] [User Authenticator #4/INFO]: UUID of player PetitPhalus is 7b3a4a4e-1c8f-4e5a-ac88-c80e7a9d8a87
[22:47:03] [Server thread/INFO]: PetitPhalus[/88.164.239.146:1537] logged in with entity id 6640 at (279.2636927395207, 66.0, 278.1770767845906)
[22:47:03] [Server thread/INFO]: PetitPhalus joined the game
[22:53:06] [Server thread/INFO]: TheStreetBRO hit the ground too hard
[22:53:16] [Server thread/INFO]: Antopoid has made the advancement [Acquire Hardware]
[22:53:37] [Server thread/WARN]: Mismatch in destroy block pos: gb{x=0, y=0, z=0} gb{x=42, y=70, z=29}
[22:53:37] [Server thread/WARN]: Mismatch in destroy block pos: gb{x=0, y=0, z=0} gb{x=40, y=70, z=25}
[22:53:38] [Server thread/WARN]: Mismatch in destroy block pos: gb{x=0, y=0, z=0} gb{x=40, y=70, z=25}
[22:53:38] [Server thread/WARN]: Mismatch in destroy block pos: gb{x=0, y=0, z=0} gb{x=41, y=70, z=26}
[22:53:38] [Server thread/WARN]: Mismatch in destroy block pos: gb{x=0, y=0, z=0} gb{x=41, y=70, z=26}
[22:53:38] [Server thread/WARN]: Mismatch in destroy block pos: gb{x=0, y=0, z=0} gb{x=41, y=70, z=26}
[22:55:23] [Server thread/INFO]: [PetitPhalus: Set the time to 1000]
[22:55:42] [Server thread/INFO]: TheStreetBRO was blown up by Creeper
[22:55:59] [Server thread/INFO]: [PetitPhalus: Teleported TheStreetBRO to PetitPhalus]
[22:55:59] [Server thread/WARN]: TheStreetBRO moved too quickly! 222.9240186466251,5.0,271.3727765413522
[22:56:20] [Server thread/INFO]: [PetitPhalus: Set own game mode to Creative Mode]
[22:56:35] [Server thread/INFO]: [PetitPhalus: Set own game mode to Survival Mode]
[22:58:47] [Server thread/INFO]: TheStreetBRO suffocated in a wall
[22:59:01] [Server thread/INFO]: [PetitPhalus: Teleported TheStreetBRO to PetitPhalus]
[22:59:10] [Server thread/INFO]: [PetitPhalus: Made TheStreetBRO a server operator]
[23:00:08] [Server thread/INFO]: [TheStreetBRO: Teleported TheStreetBRO to Antopoid]
[23:00:08] [Server thread/WARN]: TheStreetBRO moved too quickly! 183.36970372208776,-23.0,17.636747303414722
[23:02:15] [Server thread/INFO]: [PetitPhalus: Set own game mode to Creative Mode]
[23:03:04] [Server thread/INFO]: [PetitPhalus: Set own game mode to Survival Mode]
[23:17:01] [Server thread/INFO]: TheStreetBRO has made the advancement [Diamonds!]
[23:23:51] [Server thread/INFO]: [PetitPhalus: Teleported PetitPhalus to Antopoid]
[23:39:09] [Server thread/INFO]: [PetitPhalus: Set own game mode to Creative Mode]
[23:39:13] [Server thread/INFO]: [PetitPhalus: Set own game mode to Survival Mode]
[23:39:16] [Server thread/INFO]: [PetitPhalus: Set own game mode to Creative Mode]
[23:39:24] [Server thread/INFO]: [PetitPhalus: Set own game mode to Survival Mode]
[23:39:43] [Server thread/WARN]: Can't keep up! Is the server overloaded? Running 4139ms or 82 ticks behind
[23:39:54] [Server thread/INFO]: [PetitPhalus: Teleported PetitPhalus to Antopoid]
[23:40:41] [Server thread/WARN]: Can't keep up! Is the server overloaded? Running 3217ms or 64 ticks behind
[23:43:40] [Server thread/WARN]: Can't keep up! Is the server overloaded? Running 12075ms or 241 ticks behind
[23:48:36] [Server thread/INFO]: TheStreetBRO lost connection: Disconnected
[23:48:36] [Server thread/INFO]: TheStreetBRO left the game
[23:49:35] [Server thread/INFO]: PetitPhalus lost connection: Disconnected
[23:49:35] [Server thread/INFO]: PetitPhalus left the game
[23:50:02] [Server thread/INFO]: Antopoid lost connection: Disconnected
[23:50:02] [Server thread/INFO]: Antopoid left the game
[23:50:05] [Server thread/WARN]: Can't keep up! Is the server overloaded? Running 2782ms or 55 ticks behind
[23:52:54] [User Authenticator #5/INFO]: UUID of player Antopoid is 6899c77f-9b47-45b5-8b7e-fedbd9a8bcf8
[23:52:56] [Server thread/INFO]: Antopoid[/192.168.1.16:56043] logged in with entity id 30986 at (267.08610646378065, 70.0, 248.58180158902414)
[23:52:57] [Server thread/INFO]: Antopoid joined the game
[23:52:57] [Server thread/WARN]: Can't keep up! Is the server overloaded? Running 3339ms or 66 ticks behind
[23:53:25] [Server thread/INFO]: Antopoid lost connection: Disconnected
[23:53:25] [Server thread/INFO]: Antopoid left the game
[23:54:33] [User Authenticator #6/INFO]: UUID of player Antopoid is 6899c77f-9b47-45b5-8b7e-fedbd9a8bcf8
[23:54:33] [Server thread/INFO]: Antopoid[/192.168.1.254:56059] logged in with entity id 31207 at (266.3100541545409, 70.0, 251.07923705826178)
[23:54:33] [Server thread/INFO]: Antopoid joined the game
[23:54:36] [Server thread/INFO]: Antopoid lost connection: Disconnected
[23:54:36] [Server thread/INFO]: Antopoid left the game
